<?xml version="1.0" encoding="UTF-8"?>
<!-- Generated by org.testng.reporters.JUnitReportReporter -->
<testsuite hostname="LAPTOP-S23K1QM3" failures="0" tests="1" name="script.TestClass1" time="5.263" errors="0" timestamp="25 Jul 2022 02:50:41 GMT" skipped="0">
  <testcase classname="script.TestClass1" name="testA" time="5.263"/>
</testsuite> <!-- script.TestClass1 -->
