<?xml version="1.0" encoding="UTF-8"?>
<!-- Generated by org.testng.reporters.JUnitReportReporter -->
<testsuite hostname="LAPTOP-S23K1QM3" failures="0" tests="1" name="script.ValidLogin" time="11.822" errors="0" timestamp="27 Jul 2022 03:48:06 GMT" skipped="0">
  <testcase classname="script.ValidLogin" name="testValidLogin" time="11.822"/>
</testsuite> <!-- script.ValidLogin -->
