<?xml version="1.0" encoding="UTF-8"?>
<!-- Generated by org.testng.reporters.JUnitReportReporter -->
<testsuite hostname="LAPTOP-S23K1QM3" failures="0" tests="1" name="script.InvalidLogin" time="16.102" errors="0" timestamp="29 Jul 2022 02:47:45 GMT" skipped="0">
  <testcase classname="script.InvalidLogin" name="testInvalidLogin" time="16.102"/>
</testsuite> <!-- script.InvalidLogin -->
